{"C:\\Users\\carlos.nakane\\_repos\\_temp\\react-typescript-boilerplate\\src\\theme.ts": {"path":"C:\\Users\\carlos.nakane\\_repos\\_temp\\react-typescript-boilerplate\\src\\theme.ts","statementMap":{"0":{"start":{"line":1,"column":14},"end":{"line":12,"column":2}},"1":{"start":{"line":14,"column":0},"end":{"line":14,"column":21}}},"fnMap":{},"branchMap":{},"s":{"0":1,"1":1},"f":{},"b":{}}
,"C:\\Users\\carlos.nakane\\_repos\\_temp\\react-typescript-boilerplate\\src\\@types\\declarations.d.ts": {"path":"C:\\Users\\carlos.nakane\\_repos\\_temp\\react-typescript-boilerplate\\src\\@types\\declarations.d.ts","statementMap":{},"fnMap":{},"branchMap":{},"s":{},"f":{},"b":{},"inputSourceMap":null}
,"C:\\Users\\carlos.nakane\\_repos\\_temp\\react-typescript-boilerplate\\src\\@types\\styles.d.ts": {"path":"C:\\Users\\carlos.nakane\\_repos\\_temp\\react-typescript-boilerplate\\src\\@types\\styles.d.ts","statementMap":{},"fnMap":{},"branchMap":{},"s":{},"f":{},"b":{},"inputSourceMap":null}
,"C:\\Users\\carlos.nakane\\_repos\\_temp\\react-typescript-boilerplate\\src\\components\\app-theme.tsx": {"path":"C:\\Users\\carlos.nakane\\_repos\\_temp\\react-typescript-boilerplate\\src\\components\\app-theme.tsx","statementMap":{"0":{"start":{"line":1,"column":0},"end":{"line":1,"column":41}},"1":{"start":{"line":2,"column":0},"end":{"line":2,"column":50}},"2":{"start":{"line":3,"column":0},"end":{"line":3,"column":29}},"3":{"start":{"line":9,"column":17},"end":{"line":12,"column":1}},"4":{"start":{"line":10,"column":23},"end":{"line":10,"column":29}},"5":{"start":{"line":11,"column":2},"end":{"line":11,"column":65}},"6":{"start":{"line":13,"column":0},"end":{"line":13,"column":24}}},"fnMap":{"0":{"name":"(anonymous_1)","decl":{"start":{"line":9,"column":17},"end":{"line":9,"column":18}},"loc":{"start":{"line":9,"column":30},"end":{"line":12,"column":1}}}},"branchMap":{},"s":{"0":1,"1":1,"2":1,"3":1,"4":1,"5":1,"6":1},"f":{"0":1},"b":{}}
,"C:\\Users\\carlos.nakane\\_repos\\_temp\\react-typescript-boilerplate\\src\\components\\global-styles.ts": {"path":"C:\\Users\\carlos.nakane\\_repos\\_temp\\react-typescript-boilerplate\\src\\components\\global-styles.ts","statementMap":{"0":{"start":{"line":1,"column":0},"end":{"line":1,"column":54}},"1":{"start":{"line":2,"column":20},"end":{"line":7,"column":2}},"2":{"start":{"line":9,"column":0},"end":{"line":9,"column":27}}},"fnMap":{},"branchMap":{"0":{"loc":{"start":{"line":2,"column":37},"end":{"line":2,"column":null}},"type":"binary-expr","locations":[{"start":{"line":2,"column":37},"end":{"line":2,"column":null}},{"start":{"line":2,"column":37},"end":{"line":7,"column":2}}]}},"s":{"0":0,"1":0,"2":0},"f":{},"b":{"0":[0,0]}}
,"C:\\Users\\carlos.nakane\\_repos\\_temp\\react-typescript-boilerplate\\src\\components\\app\\app.tsx": {"path":"C:\\Users\\carlos.nakane\\_repos\\_temp\\react-typescript-boilerplate\\src\\components\\app\\app.tsx","statementMap":{"0":{"start":{"line":1,"column":0},"end":{"line":1,"column":40}},"1":{"start":{"line":2,"column":0},"end":{"line":2,"column":29}},"2":{"start":{"line":3,"column":0},"end":{"line":3,"column":36}},"3":{"start":{"line":4,"column":0},"end":{"line":4,"column":44}},"4":{"start":{"line":6,"column":12},"end":{"line":15,"column":1}},"5":{"start":{"line":7,"column":2},"end":{"line":14,"column":4}},"6":{"start":{"line":17,"column":0},"end":{"line":17,"column":19}}},"fnMap":{"0":{"name":"(anonymous_7)","decl":{"start":{"line":6,"column":12},"end":{"line":6,"column":null}},"loc":{"start":{"line":6,"column":12},"end":{"line":15,"column":1}}}},"branchMap":{},"s":{"0":0,"1":0,"2":0,"3":0,"4":0,"5":0,"6":0},"f":{"0":0},"b":{}}
,"C:\\Users\\carlos.nakane\\_repos\\_temp\\react-typescript-boilerplate\\src\\components\\hello\\index.tsx": {"path":"C:\\Users\\carlos.nakane\\_repos\\_temp\\react-typescript-boilerplate\\src\\components\\hello\\index.tsx","statementMap":{"0":{"start":{"line":1,"column":0},"end":{"line":1,"column":26}},"1":{"start":{"line":2,"column":0},"end":{"line":2,"column":56}},"2":{"start":{"line":4,"column":14},"end":{"line":4,"column":null}},"3":{"start":{"line":4,"column":20},"end":{"line":15,"column":2}},"4":{"start":{"line":17,"column":0},"end":{"line":17,"column":21}}},"fnMap":{"0":{"name":"(anonymous_7)","decl":{"start":{"line":4,"column":14},"end":{"line":4,"column":20}},"loc":{"start":{"line":4,"column":14},"end":{"line":4,"column":null}}}},"branchMap":{},"s":{"0":1,"1":1,"2":1,"3":1,"4":1},"f":{"0":1},"b":{}}
,"C:\\Users\\carlos.nakane\\_repos\\_temp\\react-typescript-boilerplate\\src\\components\\hello\\jumbo.ts": {"path":"C:\\Users\\carlos.nakane\\_repos\\_temp\\react-typescript-boilerplate\\src\\components\\hello\\jumbo.ts","statementMap":{"0":{"start":{"line":1,"column":0},"end":{"line":1,"column":39}},"1":{"start":{"line":3,"column":14},"end":{"line":7,"column":null}},"2":{"start":{"line":7,"column":22},"end":{"line":7,"column":null}},"3":{"start":{"line":28,"column":9},"end":{"line":28,"column":14}},"4":{"start":{"line":10,"column":13},"end":{"line":13,"column":2}},"5":{"start":{"line":28,"column":16},"end":{"line":28,"column":20}},"6":{"start":{"line":15,"column":14},"end":{"line":18,"column":null}},"7":{"start":{"line":17,"column":33},"end":{"line":17,"column":null}},"8":{"start":{"line":18,"column":30},"end":{"line":18,"column":null}},"9":{"start":{"line":21,"column":18},"end":{"line":26,"column":2}},"10":{"start":{"line":28,"column":22},"end":{"line":28,"column":31}},"11":{"start":{"line":30,"column":0},"end":{"line":30,"column":21}}},"fnMap":{"0":{"name":"(anonymous_2)","decl":{"start":{"line":7,"column":11},"end":{"line":7,"column":12}},"loc":{"start":{"line":7,"column":17},"end":{"line":7,"column":27}}},"1":{"name":"(anonymous_3)","decl":{"start":{"line":17,"column":22},"end":{"line":17,"column":23}},"loc":{"start":{"line":17,"column":28},"end":{"line":17,"column":38}}},"2":{"name":"(anonymous_4)","decl":{"start":{"line":18,"column":19},"end":{"line":18,"column":20}},"loc":{"start":{"line":18,"column":25},"end":{"line":18,"column":35}}}},"branchMap":{"0":{"loc":{"start":{"line":3,"column":23},"end":{"line":3,"column":null}},"type":"binary-expr","locations":[{"start":{"line":3,"column":23},"end":{"line":3,"column":null}},{"start":{"line":3,"column":23},"end":{"line":8,"column":2}}]},"1":{"loc":{"start":{"line":10,"column":21},"end":{"line":10,"column":null}},"type":"binary-expr","locations":[{"start":{"line":10,"column":21},"end":{"line":10,"column":null}},{"start":{"line":10,"column":21},"end":{"line":13,"column":2}}]},"2":{"loc":{"start":{"line":15,"column":28},"end":{"line":15,"column":null}},"type":"binary-expr","locations":[{"start":{"line":15,"column":28},"end":{"line":15,"column":null}},{"start":{"line":15,"column":28},"end":{"line":19,"column":2}}]},"3":{"loc":{"start":{"line":21,"column":27},"end":{"line":21,"column":null}},"type":"binary-expr","locations":[{"start":{"line":21,"column":27},"end":{"line":21,"column":null}},{"start":{"line":21,"column":27},"end":{"line":26,"column":2}}]}},"s":{"0":1,"1":1,"2":1,"3":1,"4":1,"5":1,"6":1,"7":1,"8":1,"9":1,"10":1,"11":1},"f":{"0":1,"1":1,"2":1},"b":{"0":[1,1],"1":[1,1],"2":[1,1],"3":[1,1]}}
,"C:\\Users\\carlos.nakane\\_repos\\_temp\\react-typescript-boilerplate\\src\\testing-util\\render-with-providers.tsx": {"path":"C:\\Users\\carlos.nakane\\_repos\\_temp\\react-typescript-boilerplate\\src\\testing-util\\render-with-providers.tsx","statementMap":{"0":{"start":{"line":1,"column":0},"end":{"line":1,"column":70}},"1":{"start":{"line":2,"column":0},"end":{"line":2,"column":77}},"2":{"start":{"line":3,"column":0},"end":{"line":3,"column":47}},"3":{"start":{"line":5,"column":28},"end":{"line":20,"column":1}},"4":{"start":{"line":12,"column":23},"end":{"line":12,"column":null}},"5":{"start":{"line":12,"column":53},"end":{"line":14,"column":4}},"6":{"start":{"line":16,"column":2},"end":{"line":19,"column":5}},"7":{"start":{"line":22,"column":0},"end":{"line":22,"column":35}}},"fnMap":{"0":{"name":"(anonymous_3)","decl":{"start":{"line":5,"column":28},"end":{"line":5,"column":null}},"loc":{"start":{"line":7,"column":25},"end":{"line":20,"column":1}}},"1":{"name":"(anonymous_4)","decl":{"start":{"line":12,"column":23},"end":{"line":12,"column":24}},"loc":{"start":{"line":12,"column":48},"end":{"line":12,"column":null}}}},"branchMap":{},"s":{"0":1,"1":1,"2":1,"3":1,"4":1,"5":1,"6":1,"7":1},"f":{"0":1,"1":1},"b":{}}
}
